
Action: Login
Email: e@gmail.com
Start Time: 1730296306004
End Time: 1730296306234
Duration: 230 ms
-----------------------------------

Action: Login
Email: e@gmail.com
Start Time: 1730296721910
End Time: 1730296722090
Duration: 180 ms
-----------------------------------

Action: Login
Email: e@gmail.com
Start Time: 1730296836356
End Time: 1730296836573
Duration: 217 ms
-----------------------------------

Action: Login
Email: e@gmail.com
Start Time: 1730791840413
End Time: 1730791840653
Duration: 240 ms
-----------------------------------

Action: Login
Email: e@gmail.com
Start Time: 1730796996783
End Time: 1730796997041
Duration: 258 ms
-----------------------------------

Action: Login
Email: e@gmail.com
Start Time: 1730798585699
End Time: 1730798585946
Duration: 247 ms
-----------------------------------

Action: Login
Email: e@gmail.com
Start Time: 1730805001398
End Time: 1730805022326
Duration: 20928 ms
-----------------------------------

Action: Login
Email: e@gmail.com
Start Time: 1730804998687
End Time: 1730805022334
Duration: 23647 ms
-----------------------------------

Action: Login
Email: e@gmail.com
Start Time: 1730805005585
End Time: 1730805022396
Duration: 16811 ms
-----------------------------------

Action: Login
Email: e@gmail.com
Start Time: 1730805005619
End Time: 1730805022400
Duration: 16781 ms
-----------------------------------

Action: Login
Email: e@gmail.com
Start Time: 1730805005555
End Time: 1730805022820
Duration: 17265 ms
-----------------------------------

Action: Login
Email: e@gmail.com
Start Time: 1730805005062
End Time: 1730805022864
Duration: 17802 ms
-----------------------------------

Action: Registration
Email: aq@gmail.com
Start Time: 1730805524365
End Time: 1730805524705
Duration: 340 ms
-----------------------------------

Action: Login
Email: aq@gmail.com
Start Time: 1730805576665
End Time: 1730805576802
Duration: 137 ms
-----------------------------------

Action: Login
Email: e@gmail.com
Start Time: 1730811139755
End Time: 1730811140046
Duration: 291 ms
-----------------------------------

Action: Login
Email: e@gmail.com
Start Time: 1730812117008
End Time: 1730812117265
Duration: 257 ms
-----------------------------------

Action: Login
Email: e@gmail.com
Start Time: 1730813324554
End Time: 1730813324760
Duration: 206 ms
-----------------------------------

Action: Login
Email: e@gmail.com
Start Time: 1730986215289
End Time: 1730986215556
Duration: 267 ms
-----------------------------------

Action: Login
Email: e@gmail.com
Start Time: 1730987695819
End Time: 1730987695995
Duration: 176 ms
-----------------------------------

Action: Login
Email: e@gmail.com
Start Time: 1731156037968
End Time: 1731156038280
Duration: 312 ms
-----------------------------------

Action: Login
Email: e@gmail.com
Start Time: 1731157302039
End Time: 1731157302224
Duration: 185 ms
-----------------------------------

Action: Login
Email: e@gmail.com
Start Time: 1731159154172
End Time: 1731159154438
Duration: 266 ms
-----------------------------------

Action: Login
Email: e@gmail.com
Start Time: 1731181150220
End Time: 1731181150458
Duration: 238 ms
-----------------------------------

Action: Login
Email: e@gmail.com
Start Time: 1731226630922
End Time: 1731226631129
Duration: 207 ms
-----------------------------------

Action: Login
Email: e@gmail.com
Start Time: 1731227993069
End Time: 1731227993261
Duration: 192 ms
-----------------------------------
